mode: set
bachelor-project/main.go:15.13,24.22 1 0
bachelor-project/main.go:24.22,34.3 9 0
bachelor-project/main.go:35.2,37.22 2 0
bachelor-project/main.go:37.22,39.17 2 0
bachelor-project/main.go:39.17,41.4 1 0
bachelor-project/main.go:44.2,46.14 2 0
bachelor-project/main.go:47.11,52.31 5 0
bachelor-project/main.go:52.31,63.4 9 0
bachelor-project/main.go:65.11,70.31 5 0
bachelor-project/main.go:70.31,82.4 10 0
bachelor-project/main.go:84.12,86.32 2 0
bachelor-project/main.go:86.32,92.4 5 0
bachelor-project/main.go:93.12,95.32 2 0
bachelor-project/main.go:95.32,101.4 5 0
bachelor-project/main.go:102.12,104.32 2 0
bachelor-project/main.go:104.32,111.4 6 0
bachelor-project/main.go:112.12,114.32 2 0
bachelor-project/main.go:114.32,120.4 5 0
bachelor-project/main.go:121.12,123.32 2 0
bachelor-project/main.go:123.32,131.4 6 0
bachelor-project/main.go:132.10,133.37 1 0
bachelor-project/algorithms/bfs.go:4.72,6.22 1 1
bachelor-project/algorithms/bfs.go:6.22,8.3 1 1
bachelor-project/algorithms/bfs.go:10.2,17.24 7 1
bachelor-project/algorithms/bfs.go:17.24,22.23 3 1
bachelor-project/algorithms/bfs.go:22.23,27.46 3 1
bachelor-project/algorithms/bfs.go:27.46,28.26 1 1
bachelor-project/algorithms/bfs.go:28.26,30.6 1 1
bachelor-project/algorithms/bfs.go:32.5,32.48 1 1
bachelor-project/algorithms/bfs.go:32.48,35.6 2 1
bachelor-project/algorithms/bfs.go:41.2,41.11 1 1
bachelor-project/algorithms/convexhierarchy.go:14.43,18.8 2 1
bachelor-project/algorithms/convexhierarchy.go:18.8,20.3 1 0
bachelor-project/algorithms/convexhierarchy.go:20.8,22.3 1 1
bachelor-project/algorithms/convexhierarchy.go:24.2,25.42 2 1
bachelor-project/algorithms/convexhierarchy.go:25.42,27.3 1 1
bachelor-project/algorithms/convexhierarchy.go:30.2,30.21 1 1
bachelor-project/algorithms/convexhierarchy.go:30.21,36.43 5 1
bachelor-project/algorithms/convexhierarchy.go:36.43,38.4 1 0
bachelor-project/algorithms/convexhierarchy.go:43.46,44.25 1 1
bachelor-project/algorithms/convexhierarchy.go:44.25,46.3 1 1
bachelor-project/algorithms/convexhierarchy.go:48.2,58.35 2 1
bachelor-project/algorithms/convexhierarchy.go:58.35,62.18 3 1
bachelor-project/algorithms/convexhierarchy.go:62.18,64.10 2 1
bachelor-project/algorithms/convexhierarchy.go:64.10,66.5 1 1
bachelor-project/algorithms/convexhierarchy.go:66.10,68.5 1 0
bachelor-project/algorithms/convexhierarchy.go:71.3,71.10 1 1
bachelor-project/algorithms/convexhierarchy.go:72.28,75.18 2 1
bachelor-project/algorithms/convexhierarchy.go:75.18,77.5 1 1
bachelor-project/algorithms/convexhierarchy.go:78.21,79.12 1 0
bachelor-project/algorithms/convexhierarchy.go:83.2,83.12 1 0
bachelor-project/algorithms/convexhierarchy.go:87.87,92.33 3 1
bachelor-project/algorithms/convexhierarchy.go:92.33,94.3 1 1
bachelor-project/algorithms/convexhierarchy.go:97.2,97.33 1 1
bachelor-project/algorithms/convexhierarchy.go:97.33,99.19 2 1
bachelor-project/algorithms/convexhierarchy.go:99.19,102.4 1 1
bachelor-project/algorithms/convexhierarchy.go:105.2,105.10 1 1
bachelor-project/graphdecomp/balanced.go:9.51,13.27 2 1
bachelor-project/graphdecomp/balanced.go:13.27,15.3 1 1
bachelor-project/graphdecomp/balanced.go:18.2,18.28 1 1
bachelor-project/graphdecomp/balanced.go:18.28,19.42 1 1
bachelor-project/graphdecomp/balanced.go:19.42,20.23 1 1
bachelor-project/graphdecomp/balanced.go:20.23,22.5 1 1
bachelor-project/graphdecomp/balanced.go:27.2,27.27 1 1
bachelor-project/graphdecomp/balanced.go:27.27,29.3 1 1
bachelor-project/graphdecomp/balanced.go:31.2,31.15 1 1
bachelor-project/graphdecomp/balanced.go:35.42,36.20 1 1
bachelor-project/graphdecomp/balanced.go:36.20,38.3 1 1
bachelor-project/graphdecomp/balanced.go:39.2,39.18 1 1
bachelor-project/graphdecomp/balanced.go:43.42,46.20 3 1
bachelor-project/graphdecomp/balanced.go:46.20,48.3 1 1
bachelor-project/graphdecomp/balanced.go:52.71,53.25 1 1
bachelor-project/graphdecomp/balanced.go:53.25,56.3 2 1
bachelor-project/graphdecomp/balanced.go:57.2,57.24 1 1
bachelor-project/graphdecomp/balanced.go:62.60,66.45 2 1
bachelor-project/graphdecomp/balanced.go:66.45,68.3 1 1
bachelor-project/graphdecomp/balanced.go:71.2,75.30 3 1
bachelor-project/graphdecomp/balanced.go:75.30,77.3 1 1
bachelor-project/graphdecomp/balanced.go:79.2,79.38 1 1
bachelor-project/graphdecomp/balanced.go:79.38,80.19 1 1
bachelor-project/graphdecomp/balanced.go:80.19,82.4 1 1
bachelor-project/graphdecomp/balanced.go:85.2,85.13 1 1
bachelor-project/graphdecomp/balancedconvexdecomp.go:9.111,10.26 1 1
bachelor-project/graphdecomp/balancedconvexdecomp.go:10.26,14.34 2 1
bachelor-project/graphdecomp/balancedconvexdecomp.go:14.34,16.4 1 1
bachelor-project/graphdecomp/balancedconvexdecomp.go:19.3,21.44 2 1
bachelor-project/graphdecomp/balancedconvexdecomp.go:21.44,22.51 1 1
bachelor-project/graphdecomp/balancedconvexdecomp.go:22.51,24.5 1 1
bachelor-project/graphdecomp/balancedconvexdecomp.go:27.2,27.19 1 1
bachelor-project/graphdecomp/balancedconvexdecomp.go:30.103,31.26 1 0
bachelor-project/graphdecomp/balancedconvexdecomp.go:31.26,35.34 2 0
bachelor-project/graphdecomp/balancedconvexdecomp.go:35.34,37.4 1 0
bachelor-project/graphdecomp/balancedconvexdecomp.go:40.3,42.50 2 0
bachelor-project/graphdecomp/balancedconvexdecomp.go:42.50,44.4 1 0
bachelor-project/graphdecomp/balancedconvexdecomp.go:46.2,46.19 1 0
bachelor-project/graphdecomp/balancedconvexdecomp.go:50.84,51.26 1 0
bachelor-project/graphdecomp/balancedconvexdecomp.go:51.26,55.34 2 0
bachelor-project/graphdecomp/balancedconvexdecomp.go:55.34,57.4 1 0
bachelor-project/graphdecomp/balancedconvexdecomp.go:60.3,62.44 2 0
bachelor-project/graphdecomp/balancedconvexdecomp.go:62.44,64.4 1 0
bachelor-project/graphdecomp/balancedconvexdecomp.go:66.2,66.19 1 0
bachelor-project/graphdecomp/balancedconvexdecomp.go:71.126,72.24 1 1
bachelor-project/graphdecomp/balancedconvexdecomp.go:72.24,75.34 2 1
bachelor-project/graphdecomp/balancedconvexdecomp.go:75.34,77.4 1 1
bachelor-project/graphdecomp/balancedconvexdecomp.go:80.3,83.50 3 1
bachelor-project/graphdecomp/balancedconvexdecomp.go:83.50,85.4 1 0
bachelor-project/graphdecomp/balancedconvexdecomp.go:88.3,88.30 1 1
bachelor-project/graphdecomp/balancedconvexdecomp.go:88.30,90.45 2 1
bachelor-project/graphdecomp/balancedconvexdecomp.go:90.45,91.46 1 1
bachelor-project/graphdecomp/balancedconvexdecomp.go:91.46,93.6 1 1
bachelor-project/graphdecomp/balancedconvexdecomp.go:96.4,96.25 1 1
bachelor-project/graphdecomp/balancedconvexdecomp.go:96.25,98.46 2 1
bachelor-project/graphdecomp/balancedconvexdecomp.go:98.46,100.47 1 1
bachelor-project/graphdecomp/balancedconvexdecomp.go:100.47,102.7 1 1
bachelor-project/graphdecomp/balancedconvexdecomp.go:104.5,105.40 2 1
bachelor-project/graphdecomp/balancedconvexdecomp.go:105.40,107.6 1 1
bachelor-project/graphdecomp/balancedconvexdecomp.go:109.5,109.15 1 1
bachelor-project/graphdecomp/balancedconvexdecomp.go:109.15,111.6 1 1
bachelor-project/graphdecomp/balancedconvexdecomp.go:111.11,113.6 1 1
bachelor-project/graphdecomp/balancedconvexdecomp.go:114.5,114.27 1 1
bachelor-project/graphdecomp/balancedconvexdecomp.go:114.27,116.6 1 1
bachelor-project/graphdecomp/balancedconvexdecomp.go:120.3,120.44 1 1
bachelor-project/graphdecomp/balancedconvexdecomp.go:120.44,121.32 1 1
bachelor-project/graphdecomp/balancedconvexdecomp.go:121.32,123.5 1 1
bachelor-project/graphdecomp/balancedconvexdecomp.go:124.4,124.76 1 0
bachelor-project/graphdecomp/balancedconvexdecomp.go:124.76,126.5 1 0
bachelor-project/graphdecomp/balancedconvexdecomp.go:130.2,130.19 1 0
bachelor-project/graphdecomp/balancedconvexdecomp.go:134.100,135.26 1 1
bachelor-project/graphdecomp/balancedconvexdecomp.go:135.26,139.34 2 1
bachelor-project/graphdecomp/balancedconvexdecomp.go:139.34,141.4 1 1
bachelor-project/graphdecomp/balancedconvexdecomp.go:144.3,146.44 2 1
bachelor-project/graphdecomp/balancedconvexdecomp.go:146.44,147.32 1 1
bachelor-project/graphdecomp/balancedconvexdecomp.go:147.32,149.5 1 0
bachelor-project/graphdecomp/balancedconvexdecomp.go:150.4,150.76 1 1
bachelor-project/graphdecomp/balancedconvexdecomp.go:150.76,152.5 1 1
bachelor-project/graphdecomp/balancedconvexdecomp.go:155.2,155.14 1 1
bachelor-project/graphdecomp/balancedconvexdecomp.go:158.58,159.26 1 0
bachelor-project/graphdecomp/balancedconvexdecomp.go:159.26,163.34 2 0
bachelor-project/graphdecomp/balancedconvexdecomp.go:163.34,165.4 1 0
bachelor-project/graphdecomp/balancedconvexdecomp.go:167.3,167.63 1 0
bachelor-project/graphdecomp/balancedconvexdecomp.go:170.2,170.14 1 0
bachelor-project/graphdecomp/balancedconvexdecomp.go:174.70,178.45 3 1
bachelor-project/graphdecomp/balancedconvexdecomp.go:178.45,180.3 1 1
bachelor-project/graphdecomp/balancedconvexdecomp.go:182.2,182.19 1 1
bachelor-project/graphdecomp/balancedconvexdecomp.go:186.72,194.31 4 1
bachelor-project/graphdecomp/balancedconvexdecomp.go:194.31,195.17 1 1
bachelor-project/graphdecomp/balancedconvexdecomp.go:195.17,198.4 2 1
bachelor-project/graphdecomp/balancedconvexdecomp.go:202.2,202.26 1 1
bachelor-project/graphdecomp/balancedconvexdecomp.go:202.26,203.26 1 1
bachelor-project/graphdecomp/balancedconvexdecomp.go:203.26,207.14 3 1
bachelor-project/graphdecomp/balancedconvexdecomp.go:207.14,210.31 1 1
bachelor-project/graphdecomp/balancedconvexdecomp.go:210.31,212.6 1 1
bachelor-project/graphdecomp/balancedconvexdecomp.go:213.5,213.31 1 1
bachelor-project/graphdecomp/balancedconvexdecomp.go:213.31,215.6 1 1
bachelor-project/graphdecomp/balancedconvexdecomp.go:217.5,217.31 1 1
bachelor-project/graphdecomp/balancedconvexdecomp.go:217.31,219.6 1 1
bachelor-project/graphdecomp/balancedconvexdecomp.go:221.5,221.31 1 1
bachelor-project/graphdecomp/balancedconvexdecomp.go:221.31,223.6 1 1
bachelor-project/graphdecomp/balancedconvexdecomp.go:229.2,231.29 2 1
bachelor-project/graphdecomp/balancedconvexdecomp.go:231.29,240.25 7 1
bachelor-project/graphdecomp/balancedconvexdecomp.go:240.25,242.4 1 1
bachelor-project/graphdecomp/balancedconvexdecomp.go:245.3,249.33 3 1
bachelor-project/graphdecomp/balancedconvexdecomp.go:249.33,250.37 1 1
bachelor-project/graphdecomp/balancedconvexdecomp.go:250.37,254.15 3 1
bachelor-project/graphdecomp/balancedconvexdecomp.go:254.15,256.21 1 1
bachelor-project/graphdecomp/balancedconvexdecomp.go:256.21,258.7 1 1
bachelor-project/graphdecomp/balancedconvexdecomp.go:258.12,260.7 1 1
bachelor-project/graphdecomp/balancedconvexdecomp.go:261.11,263.6 1 1
bachelor-project/graphdecomp/balancedconvexdecomp.go:264.5,264.11 1 1
bachelor-project/graphdecomp/balancedconvexdecomp.go:266.4,267.10 2 1
bachelor-project/graphdecomp/balancedconvexdecomp.go:269.3,271.44 3 1
bachelor-project/graphdecomp/balancedconvexdecomp.go:273.2,273.19 1 1
bachelor-project/graphdecomp/convexity.go:10.106,13.45 2 1
bachelor-project/graphdecomp/convexity.go:13.45,14.37 1 1
bachelor-project/graphdecomp/convexity.go:14.37,15.11 1 1
bachelor-project/graphdecomp/convexity.go:16.22,18.17 1 0
bachelor-project/graphdecomp/convexity.go:19.12,19.12 0 1
bachelor-project/graphdecomp/convexity.go:23.4,25.57 3 1
bachelor-project/graphdecomp/convexity.go:25.57,27.5 1 1
bachelor-project/graphdecomp/convexity.go:31.2,31.13 1 1
bachelor-project/graphdecomp/convexity.go:34.137,41.26 5 1
bachelor-project/graphdecomp/convexity.go:41.26,42.26 1 1
bachelor-project/graphdecomp/convexity.go:42.26,44.20 2 1
bachelor-project/graphdecomp/convexity.go:44.20,46.5 1 1
bachelor-project/graphdecomp/convexity.go:47.4,47.13 1 1
bachelor-project/graphdecomp/convexity.go:51.2,51.48 1 1
bachelor-project/graphdecomp/convexity.go:51.48,53.62 1 1
bachelor-project/graphdecomp/convexity.go:53.62,54.38 1 0
bachelor-project/graphdecomp/convexity.go:54.38,55.12 1 0
bachelor-project/graphdecomp/convexity.go:56.23,57.18 1 0
bachelor-project/graphdecomp/convexity.go:58.13,58.13 0 0
bachelor-project/graphdecomp/convexity.go:62.5,64.58 3 0
bachelor-project/graphdecomp/convexity.go:64.58,66.6 1 0
bachelor-project/graphdecomp/convexity.go:71.2,71.13 1 1
bachelor-project/graphdecomp/convexity.go:75.50,76.35 1 1
bachelor-project/graphdecomp/convexity.go:76.35,77.35 1 1
bachelor-project/graphdecomp/convexity.go:77.35,79.4 1 1
bachelor-project/graphdecomp/convexity.go:81.2,81.13 1 1
bachelor-project/graphdecomp/convexity.go:84.82,85.19 1 1
bachelor-project/graphdecomp/convexity.go:85.19,87.3 1 0
bachelor-project/graphdecomp/convexity.go:89.2,91.35 2 1
bachelor-project/graphdecomp/convexity.go:91.35,99.14 5 1
bachelor-project/graphdecomp/convexity.go:99.14,101.17 2 1
bachelor-project/graphdecomp/convexity.go:101.17,103.5 1 1
bachelor-project/graphdecomp/convexity.go:103.10,103.26 1 1
bachelor-project/graphdecomp/convexity.go:103.26,105.5 1 0
bachelor-project/graphdecomp/convexity.go:109.3,109.14 1 1
bachelor-project/graphdecomp/convexity.go:109.14,111.17 2 1
bachelor-project/graphdecomp/convexity.go:111.17,113.5 1 1
bachelor-project/graphdecomp/convexity.go:113.10,113.26 1 1
bachelor-project/graphdecomp/convexity.go:113.26,115.5 1 1
bachelor-project/graphdecomp/convexity.go:119.2,119.13 1 1
bachelor-project/graphdecomp/convexity.go:123.21,124.11 1 1
bachelor-project/graphdecomp/convexity.go:124.11,126.3 1 1
bachelor-project/graphdecomp/convexity.go:127.2,127.10 1 1
bachelor-project/graphdecomp/convexity.go:130.102,133.34 2 1
bachelor-project/graphdecomp/convexity.go:133.34,134.44 1 1
bachelor-project/graphdecomp/convexity.go:134.44,135.48 1 1
bachelor-project/graphdecomp/convexity.go:135.48,137.5 1 1
bachelor-project/graphdecomp/convexity.go:141.2,141.22 1 1
bachelor-project/graphdecomp/convexity.go:145.74,146.24 1 1
bachelor-project/graphdecomp/convexity.go:146.24,147.29 1 1
bachelor-project/graphdecomp/convexity.go:147.29,149.4 1 1
bachelor-project/graphdecomp/convexity.go:154.94,157.28 2 1
bachelor-project/graphdecomp/convexity.go:157.28,158.29 1 1
bachelor-project/graphdecomp/convexity.go:158.29,160.4 1 1
bachelor-project/graphdecomp/convexity.go:162.2,162.22 1 1
bachelor-project/graphdecomp/convexity.go:166.63,175.24 7 1
bachelor-project/graphdecomp/convexity.go:175.24,179.45 3 1
bachelor-project/graphdecomp/convexity.go:179.45,181.47 1 1
bachelor-project/graphdecomp/convexity.go:181.47,185.5 3 1
bachelor-project/graphdecomp/convexity.go:188.2,189.32 2 1
bachelor-project/graphdecomp/convexity.go:189.32,190.26 1 1
bachelor-project/graphdecomp/convexity.go:190.26,192.4 1 1
bachelor-project/graphdecomp/convexity.go:195.2,195.23 1 1
bachelor-project/graphdecomp/convexity.go:199.97,210.45 8 1
bachelor-project/graphdecomp/convexity.go:210.45,212.23 2 1
bachelor-project/graphdecomp/convexity.go:212.23,217.50 3 1
bachelor-project/graphdecomp/convexity.go:217.50,219.48 1 1
bachelor-project/graphdecomp/convexity.go:219.48,222.52 2 1
bachelor-project/graphdecomp/convexity.go:222.52,224.28 2 1
bachelor-project/graphdecomp/convexity.go:224.28,226.8 1 1
bachelor-project/graphdecomp/convexity.go:228.7,228.42 1 1
bachelor-project/graphdecomp/convexity.go:228.42,230.8 1 1
bachelor-project/graphdecomp/convexity.go:232.6,232.37 1 1
bachelor-project/graphdecomp/convexity.go:236.3,236.10 1 1
bachelor-project/graphdecomp/convexity.go:239.2,239.13 1 0
bachelor-project/graph/graph.go:29.45,35.2 1 1
bachelor-project/graph/graph.go:38.35,39.40 1 1
bachelor-project/graph/graph.go:39.40,41.3 1 1
bachelor-project/graph/graph.go:42.2,42.40 1 1
bachelor-project/graph/graph.go:47.50,48.41 1 1
bachelor-project/graph/graph.go:48.41,50.3 1 1
bachelor-project/graph/graph.go:51.2,51.23 1 1
bachelor-project/graph/graph.go:57.42,58.26 1 1
bachelor-project/graph/graph.go:58.26,59.16 1 1
bachelor-project/graph/graph.go:59.16,62.4 2 1
bachelor-project/graph/graph.go:64.2,64.14 1 0
bachelor-project/graph/graph.go:67.66,69.47 2 1
bachelor-project/graph/graph.go:69.47,71.3 1 1
bachelor-project/graph/graph.go:75.34,77.2 1 1
bachelor-project/graph/graph.go:80.54,84.2 3 1
bachelor-project/graph/graph.go:87.48,89.16 2 1
bachelor-project/graph/graph.go:89.16,92.3 2 0
bachelor-project/graph/graph.go:93.2,97.21 3 1
bachelor-project/graph/graph.go:97.21,99.3 1 0
bachelor-project/graph/graph.go:100.2,105.16 5 1
bachelor-project/graph/graph.go:105.16,107.3 1 0
bachelor-project/graph/graph.go:110.2,110.21 1 1
bachelor-project/graph/graph.go:110.21,112.3 1 0
bachelor-project/graph/graph.go:113.2,116.16 4 1
bachelor-project/graph/graph.go:116.16,118.3 1 0
bachelor-project/graph/graph.go:121.2,121.21 1 1
bachelor-project/graph/graph.go:121.21,123.3 1 0
bachelor-project/graph/graph.go:124.2,124.29 1 1
bachelor-project/graph/graph.go:124.29,126.3 1 0
bachelor-project/graph/graph.go:129.2,130.48 2 1
bachelor-project/graph/graph.go:130.48,135.24 3 1
bachelor-project/graph/graph.go:135.24,137.40 1 1
bachelor-project/graph/graph.go:137.40,139.5 1 1
bachelor-project/graph/graph.go:139.10,141.5 1 1
bachelor-project/graph/graph.go:146.2,152.14 4 1
bachelor-project/graph/graph.go:156.32,157.26 1 1
bachelor-project/graph/graph.go:157.26,158.26 1 1
bachelor-project/graph/graph.go:158.26,160.26 1 1
bachelor-project/graph/graph.go:160.26,161.13 1 1
bachelor-project/graph/graph.go:163.4,165.35 2 1
bachelor-project/graph/graph.go:165.35,169.60 3 1
bachelor-project/graph/graph.go:169.60,170.14 1 1
bachelor-project/graph/graph.go:173.5,173.29 1 1
bachelor-project/graph/graph.go:173.29,174.14 1 1
bachelor-project/graph/graph.go:177.5,177.44 1 1
bachelor-project/graph/graph.go:184.45,186.41 2 1
bachelor-project/graph/graph.go:186.41,188.3 1 1
bachelor-project/graph/graph.go:189.2,189.13 1 1
bachelor-project/benchmark/benchmark.go:19.76,21.16 2 0
bachelor-project/benchmark/benchmark.go:21.16,24.3 2 0
bachelor-project/benchmark/benchmark.go:27.2,31.16 4 0
bachelor-project/benchmark/benchmark.go:31.16,34.3 2 0
bachelor-project/benchmark/benchmark.go:35.2,36.16 2 0
bachelor-project/benchmark/benchmark.go:36.16,39.3 2 0
bachelor-project/benchmark/benchmark.go:42.2,43.16 2 0
bachelor-project/benchmark/benchmark.go:43.16,46.3 2 0
bachelor-project/benchmark/benchmark.go:47.2,54.35 6 0
bachelor-project/benchmark/benchmark.go:54.35,82.54 15 0
bachelor-project/benchmark/benchmark.go:82.54,84.12 2 0
bachelor-project/benchmark/benchmark.go:87.3,88.26 2 0
bachelor-project/benchmark/benchmark.go:88.26,90.12 2 0
bachelor-project/benchmark/benchmark.go:93.3,95.17 3 0
bachelor-project/benchmark/benchmark.go:95.17,97.12 2 0
bachelor-project/benchmark/benchmark.go:99.3,103.31 4 0
bachelor-project/benchmark/benchmark.go:103.31,145.4 23 0
bachelor-project/benchmark/benchmark.go:146.3,146.19 1 0
bachelor-project/benchmark/benchmark.go:149.2,151.63 3 0
bachelor-project/benchmark/benchmark.go:154.76,157.16 2 0
bachelor-project/benchmark/benchmark.go:157.16,160.3 2 0
bachelor-project/benchmark/benchmark.go:163.2,164.16 2 0
bachelor-project/benchmark/benchmark.go:164.16,167.3 2 0
bachelor-project/benchmark/benchmark.go:170.2,171.16 2 0
bachelor-project/benchmark/benchmark.go:171.16,174.3 2 0
bachelor-project/benchmark/benchmark.go:175.2,184.35 5 0
bachelor-project/benchmark/benchmark.go:184.35,207.3 11 0
bachelor-project/benchmark/benchmark.go:208.2,208.71 1 0
bachelor-project/benchmark/benchmark.go:212.72,214.16 2 0
bachelor-project/benchmark/benchmark.go:214.16,217.3 2 0
bachelor-project/benchmark/benchmark.go:220.2,221.16 2 0
bachelor-project/benchmark/benchmark.go:221.16,224.3 2 0
bachelor-project/benchmark/benchmark.go:226.2,226.35 1 0
bachelor-project/benchmark/benchmark.go:226.35,232.17 4 0
bachelor-project/benchmark/benchmark.go:232.17,235.4 2 0
bachelor-project/benchmark/benchmark.go:237.3,242.54 3 0
bachelor-project/benchmark/benchmark.go:242.54,244.12 2 0
bachelor-project/benchmark/benchmark.go:247.3,248.26 2 0
bachelor-project/benchmark/benchmark.go:248.26,250.12 2 0
bachelor-project/benchmark/benchmark.go:253.3,256.31 3 0
bachelor-project/benchmark/benchmark.go:256.31,299.4 23 0
bachelor-project/benchmark/benchmark.go:300.3,301.18 2 0
bachelor-project/benchmark/benchmark.go:304.2,304.71 1 0
bachelor-project/benchmark/benchmark.go:307.59,310.16 2 0
bachelor-project/benchmark/benchmark.go:310.16,313.3 2 0
bachelor-project/benchmark/benchmark.go:316.2,317.16 2 0
bachelor-project/benchmark/benchmark.go:317.16,320.3 2 0
bachelor-project/benchmark/benchmark.go:323.2,324.16 2 0
bachelor-project/benchmark/benchmark.go:324.16,327.3 2 0
bachelor-project/benchmark/benchmark.go:328.2,336.35 5 0
bachelor-project/benchmark/benchmark.go:336.35,342.15 4 0
bachelor-project/benchmark/benchmark.go:342.15,344.12 2 0
bachelor-project/benchmark/benchmark.go:347.3,349.39 3 0
bachelor-project/benchmark/benchmark.go:349.39,351.4 1 0
bachelor-project/benchmark/benchmark.go:352.3,360.5 2 0
bachelor-project/benchmark/benchmark.go:363.2,363.77 1 0
bachelor-project/benchmark/benchmark.go:368.64,371.16 2 0
bachelor-project/benchmark/benchmark.go:371.16,374.3 2 0
bachelor-project/benchmark/benchmark.go:377.2,378.16 2 0
bachelor-project/benchmark/benchmark.go:378.16,381.3 2 0
bachelor-project/benchmark/benchmark.go:384.2,385.16 2 0
bachelor-project/benchmark/benchmark.go:385.16,388.3 2 0
bachelor-project/benchmark/benchmark.go:389.2,400.35 5 0
bachelor-project/benchmark/benchmark.go:400.35,407.13 6 0
bachelor-project/benchmark/benchmark.go:407.13,408.36 1 0
bachelor-project/benchmark/benchmark.go:408.36,411.17 2 0
bachelor-project/benchmark/benchmark.go:411.17,413.14 2 0
bachelor-project/benchmark/benchmark.go:416.5,420.20 4 0
bachelor-project/benchmark/benchmark.go:420.20,422.12 2 0
bachelor-project/benchmark/benchmark.go:422.12,424.7 1 0
bachelor-project/benchmark/benchmark.go:424.12,426.7 1 0
bachelor-project/benchmark/benchmark.go:429.5,429.12 1 0
bachelor-project/benchmark/benchmark.go:430.30,434.20 3 0
bachelor-project/benchmark/benchmark.go:434.20,438.15 4 0
bachelor-project/benchmark/benchmark.go:440.23,443.14 3 0
bachelor-project/benchmark/benchmark.go:449.3,466.17 2 0
bachelor-project/benchmark/benchmark.go:469.2,469.77 1 0
bachelor-project/benchmark/benchmark.go:472.45,474.16 2 0
bachelor-project/benchmark/benchmark.go:474.16,477.3 2 0
bachelor-project/benchmark/benchmark.go:478.2,482.21 3 0
bachelor-project/benchmark/benchmark.go:482.21,484.3 1 0
bachelor-project/benchmark/benchmark.go:486.2,487.21 2 0
bachelor-project/benchmark/benchmark.go:487.21,501.3 10 0
bachelor-project/benchmark/benchmark.go:503.2,503.13 1 0
bachelor-project/benchmark/benchmark.go:507.38,508.24 1 0
bachelor-project/benchmark/benchmark.go:508.24,510.3 1 0
bachelor-project/benchmark/benchmark.go:512.2,513.33 2 0
bachelor-project/benchmark/benchmark.go:513.33,515.3 1 0
bachelor-project/benchmark/benchmark.go:516.2,516.14 1 0
bachelor-project/benchmark/benchmark.go:519.43,521.36 2 0
bachelor-project/benchmark/benchmark.go:521.36,523.3 1 0
bachelor-project/benchmark/benchmark.go:524.2,524.13 1 0
bachelor-project/benchmark/benchmark.go:527.48,528.24 1 0
bachelor-project/benchmark/benchmark.go:528.24,530.3 1 0
bachelor-project/benchmark/benchmark.go:532.2,535.36 3 0
bachelor-project/benchmark/benchmark.go:535.36,537.21 2 0
bachelor-project/benchmark/benchmark.go:537.21,539.4 1 0
bachelor-project/benchmark/benchmark.go:540.3,540.21 1 0
bachelor-project/benchmark/benchmark.go:540.21,542.4 1 0
bachelor-project/benchmark/benchmark.go:545.2,545.18 1 0
bachelor-project/benchmark/benchmark.go:545.18,547.3 1 0
bachelor-project/benchmark/benchmark.go:549.2,549.44 1 0
bachelor-project/algorithms/separators/KaFFPa.go:17.82,19.16 2 1
bachelor-project/algorithms/separators/KaFFPa.go:19.16,22.3 2 0
bachelor-project/algorithms/separators/KaFFPa.go:23.2,27.16 4 1
bachelor-project/algorithms/separators/KaFFPa.go:27.16,30.3 2 0
bachelor-project/algorithms/separators/KaFFPa.go:31.2,36.28 4 1
bachelor-project/algorithms/separators/KaFFPa.go:36.28,38.3 1 1
bachelor-project/algorithms/separators/KaFFPa.go:39.2,43.35 4 1
bachelor-project/algorithms/separators/KaFFPa.go:43.35,46.3 2 1
bachelor-project/algorithms/separators/KaFFPa.go:49.2,50.16 2 1
bachelor-project/algorithms/separators/KaFFPa.go:50.16,53.3 2 0
bachelor-project/algorithms/separators/KaFFPa.go:56.2,58.6 3 1
bachelor-project/algorithms/separators/KaFFPa.go:58.6,59.10 1 1
bachelor-project/algorithms/separators/KaFFPa.go:60.21,61.21 1 0
bachelor-project/algorithms/separators/KaFFPa.go:62.11,62.11 0 1
bachelor-project/algorithms/separators/KaFFPa.go:66.3,77.17 5 1
bachelor-project/algorithms/separators/KaFFPa.go:77.17,79.12 2 0
bachelor-project/algorithms/separators/KaFFPa.go:82.3,83.17 2 1
bachelor-project/algorithms/separators/KaFFPa.go:83.17,85.12 2 0
bachelor-project/algorithms/separators/KaFFPa.go:88.3,88.10 1 1
bachelor-project/algorithms/separators/KaFFPa.go:89.21,90.21 1 0
bachelor-project/algorithms/separators/KaFFPa.go:91.11,91.11 0 1
bachelor-project/algorithms/separators/KaFFPa.go:95.3,99.15 3 1
bachelor-project/algorithms/separators/KaFFPa.go:99.15,101.4 1 1
bachelor-project/algorithms/separators/KaFFPa.go:108.96,111.38 2 1
bachelor-project/algorithms/separators/KaFFPa.go:111.38,113.3 1 1
bachelor-project/algorithms/separators/KaFFPa.go:114.2,120.26 5 1
bachelor-project/algorithms/separators/KaFFPa.go:120.26,122.39 2 1
bachelor-project/algorithms/separators/KaFFPa.go:122.39,124.4 1 1
bachelor-project/algorithms/separators/KaFFPa.go:125.3,125.21 1 1
bachelor-project/algorithms/separators/KaFFPa.go:128.2,128.36 1 1
bachelor-project/algorithms/separators/KaFFPa.go:128.36,130.3 1 0
bachelor-project/algorithms/separators/KaFFPa.go:132.2,132.12 1 1
bachelor-project/algorithms/separators/KaFFPa.go:136.52,138.16 2 1
bachelor-project/algorithms/separators/KaFFPa.go:138.16,141.3 2 0
bachelor-project/algorithms/separators/KaFFPa.go:142.2,144.29 3 1
bachelor-project/algorithms/separators/KaFFPa.go:144.29,146.17 2 1
bachelor-project/algorithms/separators/KaFFPa.go:146.17,148.4 1 0
bachelor-project/algorithms/separators/KaFFPa.go:150.2,150.24 1 1
bachelor-project/algorithms/separators/KaFFPa.go:154.79,156.41 2 1
bachelor-project/algorithms/separators/KaFFPa.go:156.41,157.25 1 1
bachelor-project/algorithms/separators/KaFFPa.go:157.25,158.12 1 0
bachelor-project/algorithms/separators/KaFFPa.go:160.3,160.38 1 1
bachelor-project/algorithms/separators/KaFFPa.go:160.38,162.46 2 1
bachelor-project/algorithms/separators/KaFFPa.go:162.46,164.10 2 1
bachelor-project/algorithms/separators/KaFFPa.go:169.2,169.19 1 1
bachelor-project/algorithms/separators/guesscheck.go:9.80,12.29 2 1
bachelor-project/algorithms/separators/guesscheck.go:12.29,14.3 1 1
bachelor-project/algorithms/separators/guesscheck.go:16.2,19.24 2 1
bachelor-project/algorithms/separators/guesscheck.go:19.24,22.20 2 1
bachelor-project/algorithms/separators/guesscheck.go:22.20,23.27 1 1
bachelor-project/algorithms/separators/guesscheck.go:23.27,25.5 1 1
bachelor-project/algorithms/separators/guesscheck.go:27.3,27.10 1 1
bachelor-project/algorithms/separators/guesscheck.go:28.21,30.21 1 0
bachelor-project/algorithms/separators/guesscheck.go:31.11,31.11 0 1
bachelor-project/algorithms/separators/guesscheck.go:35.3,36.12 2 1
bachelor-project/algorithms/separators/guesscheck.go:36.12,38.4 1 1
bachelor-project/algorithms/separators/guesscheck.go:41.2,41.19 1 0
bachelor-project/algorithms/separators/holecutting.go:10.78,21.44 7 1
bachelor-project/algorithms/separators/holecutting.go:21.44,24.3 2 1
bachelor-project/algorithms/separators/holecutting.go:27.2,27.67 1 1
bachelor-project/algorithms/separators/holecutting.go:44.86,51.11 4 1
bachelor-project/algorithms/separators/holecutting.go:51.11,53.14 2 1
bachelor-project/algorithms/separators/holecutting.go:53.14,54.28 1 1
bachelor-project/algorithms/separators/holecutting.go:54.28,56.5 1 1
bachelor-project/algorithms/separators/holecutting.go:56.10,58.5 1 1
bachelor-project/algorithms/separators/holecutting.go:59.9,61.4 1 1
bachelor-project/algorithms/separators/holecutting.go:64.2,68.11 3 1
bachelor-project/algorithms/separators/holecutting.go:68.11,70.20 2 1
bachelor-project/algorithms/separators/holecutting.go:70.20,71.28 1 1
bachelor-project/algorithms/separators/holecutting.go:71.28,73.5 1 1
bachelor-project/algorithms/separators/holecutting.go:73.10,75.5 1 1
bachelor-project/algorithms/separators/holecutting.go:76.9,78.4 1 1
bachelor-project/algorithms/separators/holecutting.go:81.2,84.11 3 1
bachelor-project/algorithms/separators/holecutting.go:84.11,86.14 2 1
bachelor-project/algorithms/separators/holecutting.go:86.14,87.28 1 1
bachelor-project/algorithms/separators/holecutting.go:87.28,89.5 1 1
bachelor-project/algorithms/separators/holecutting.go:89.10,91.5 1 1
bachelor-project/algorithms/separators/holecutting.go:92.9,94.4 1 1
bachelor-project/algorithms/separators/holecutting.go:97.2,100.11 3 1
bachelor-project/algorithms/separators/holecutting.go:100.11,102.19 2 1
bachelor-project/algorithms/separators/holecutting.go:102.19,103.28 1 1
bachelor-project/algorithms/separators/holecutting.go:103.28,105.5 1 1
bachelor-project/algorithms/separators/holecutting.go:105.10,107.5 1 1
bachelor-project/algorithms/separators/holecutting.go:108.9,110.4 1 1
bachelor-project/algorithms/separators/holecutting.go:113.2,113.19 1 1
bachelor-project/algorithms/separators/holecutting.go:117.82,123.33 3 1
bachelor-project/algorithms/separators/holecutting.go:123.33,126.15 3 1
bachelor-project/algorithms/separators/holecutting.go:126.15,128.4 1 0
bachelor-project/algorithms/separators/holecutting.go:129.3,129.15 1 1
bachelor-project/algorithms/separators/holecutting.go:129.15,131.4 1 1
bachelor-project/algorithms/separators/holecutting.go:132.3,132.16 1 1
bachelor-project/algorithms/separators/holecutting.go:132.16,134.4 1 0
bachelor-project/algorithms/separators/holecutting.go:135.3,135.17 1 1
bachelor-project/algorithms/separators/holecutting.go:135.17,137.4 1 1
bachelor-project/algorithms/separators/holecutting.go:140.2,151.33 4 1
bachelor-project/algorithms/separators/holecutting.go:151.33,154.52 3 1
bachelor-project/algorithms/separators/holecutting.go:154.52,156.4 1 1
bachelor-project/algorithms/separators/holecutting.go:157.3,157.52 1 1
bachelor-project/algorithms/separators/holecutting.go:157.52,159.4 1 1
bachelor-project/algorithms/separators/holecutting.go:160.3,160.52 1 1
bachelor-project/algorithms/separators/holecutting.go:160.52,162.4 1 1
bachelor-project/algorithms/separators/holecutting.go:163.3,163.52 1 1
bachelor-project/algorithms/separators/holecutting.go:163.52,165.4 1 1
bachelor-project/algorithms/separators/holecutting.go:168.2,168.35 1 1
bachelor-project/algorithms/separators/holecutting.go:172.98,175.31 2 1
bachelor-project/algorithms/separators/holecutting.go:175.31,177.47 1 1
bachelor-project/algorithms/separators/holecutting.go:177.47,180.4 1 1
bachelor-project/algorithms/separators/holecutting.go:183.2,183.25 1 1
bachelor-project/algorithms/separators/holecutting.go:187.82,190.31 2 1
bachelor-project/algorithms/separators/holecutting.go:190.31,191.17 1 1
bachelor-project/algorithms/separators/holecutting.go:191.17,193.4 1 1
bachelor-project/algorithms/separators/holecutting.go:197.2,197.25 1 1
bachelor-project/algorithms/separators/holecutting.go:197.25,198.25 1 1
bachelor-project/algorithms/separators/holecutting.go:198.25,201.4 2 1
bachelor-project/algorithms/separators/holecutting.go:202.3,202.34 1 1
bachelor-project/algorithms/separators/holecutting.go:202.34,205.4 2 1
bachelor-project/algorithms/separators/holecutting.go:208.2,208.34 1 1
bachelor-project/algorithms/separators/holecutting.go:208.34,209.25 1 1
bachelor-project/algorithms/separators/holecutting.go:209.25,212.4 2 0
bachelor-project/algorithms/separators/holecutting.go:213.3,213.33 1 1
bachelor-project/algorithms/separators/holecutting.go:213.33,216.4 2 0
bachelor-project/algorithms/separators/holecutting.go:219.2,219.18 1 1
bachelor-project/algorithms/separators/holecutting.go:225.57,229.26 2 1
bachelor-project/algorithms/separators/holecutting.go:229.26,230.26 1 1
bachelor-project/algorithms/separators/holecutting.go:230.26,232.26 1 1
bachelor-project/algorithms/separators/holecutting.go:232.26,236.5 2 1
bachelor-project/algorithms/separators/holecutting.go:240.2,240.26 1 1
bachelor-project/algorithms/separators/holecutting.go:240.26,241.26 1 1
bachelor-project/algorithms/separators/holecutting.go:241.26,243.20 2 1
bachelor-project/algorithms/separators/holecutting.go:243.20,244.42 1 1
bachelor-project/algorithms/separators/holecutting.go:244.42,247.61 3 1
bachelor-project/algorithms/separators/holecutting.go:247.61,248.15 1 1
bachelor-project/algorithms/separators/holecutting.go:250.6,250.30 1 1
bachelor-project/algorithms/separators/holecutting.go:250.30,253.7 1 1
bachelor-project/algorithms/separators/holecutting.go:258.2,258.15 1 1
bachelor-project/algorithms/separators/oneshortestpath.go:12.82,15.48 2 1
bachelor-project/algorithms/separators/oneshortestpath.go:15.48,17.3 1 1
bachelor-project/algorithms/separators/oneshortestpath.go:20.2,20.35 1 1
bachelor-project/algorithms/separators/oneshortestpath.go:20.35,21.10 1 1
bachelor-project/algorithms/separators/oneshortestpath.go:22.21,23.21 1 0
bachelor-project/algorithms/separators/oneshortestpath.go:24.11,24.11 0 1
bachelor-project/algorithms/separators/oneshortestpath.go:27.3,31.48 5 1
bachelor-project/algorithms/separators/oneshortestpath.go:31.48,33.4 1 1
bachelor-project/algorithms/separators/oneshortestpath.go:35.3,35.42 1 1
bachelor-project/algorithms/separators/oneshortestpath.go:35.42,36.11 1 1
bachelor-project/algorithms/separators/oneshortestpath.go:37.22,38.22 1 0
bachelor-project/algorithms/separators/oneshortestpath.go:39.12,39.12 0 1
bachelor-project/algorithms/separators/oneshortestpath.go:42.4,43.13 2 1
bachelor-project/algorithms/separators/oneshortestpath.go:43.13,46.5 2 1
bachelor-project/algorithms/separators/oneshortestpath.go:49.2,49.19 1 0
bachelor-project/algorithms/separators/oneshortestpath.go:54.63,57.29 2 1
bachelor-project/algorithms/separators/oneshortestpath.go:57.29,58.20 1 1
bachelor-project/algorithms/separators/oneshortestpath.go:58.20,60.12 2 1
bachelor-project/algorithms/separators/oneshortestpath.go:63.3,67.23 4 1
bachelor-project/algorithms/separators/oneshortestpath.go:67.23,69.19 2 1
bachelor-project/algorithms/separators/oneshortestpath.go:69.19,71.28 1 1
bachelor-project/algorithms/separators/oneshortestpath.go:71.28,73.6 1 1
bachelor-project/algorithms/separators/oneshortestpath.go:74.5,74.20 1 1
bachelor-project/algorithms/separators/oneshortestpath.go:75.10,76.28 1 1
bachelor-project/algorithms/separators/oneshortestpath.go:76.28,78.30 1 1
bachelor-project/algorithms/separators/oneshortestpath.go:78.30,80.7 1 1
bachelor-project/algorithms/separators/oneshortestpath.go:80.12,83.7 1 0
bachelor-project/algorithms/separators/oneshortestpath.go:85.6,86.22 2 1
bachelor-project/algorithms/separators/oneshortestpath.go:89.5,89.41 1 1
bachelor-project/algorithms/separators/oneshortestpath.go:93.3,93.26 1 1
bachelor-project/algorithms/separators/oneshortestpath.go:93.26,95.36 1 1
bachelor-project/algorithms/separators/oneshortestpath.go:95.36,97.5 1 0
bachelor-project/algorithms/separators/oneshortestpath.go:97.10,100.5 1 1
bachelor-project/algorithms/separators/oneshortestpath.go:103.3,103.48 1 1
bachelor-project/algorithms/separators/oneshortestpath.go:105.2,105.21 1 1
bachelor-project/algorithms/separators/oneshortestpath.go:109.82,115.37 3 1
bachelor-project/algorithms/separators/oneshortestpath.go:115.37,117.38 1 1
bachelor-project/algorithms/separators/oneshortestpath.go:117.38,121.25 3 1
bachelor-project/algorithms/separators/oneshortestpath.go:121.25,125.5 3 1
bachelor-project/algorithms/separators/oneshortestpath.go:126.4,126.26 1 1
bachelor-project/algorithms/separators/oneshortestpath.go:130.2,130.18 1 1
bachelor-project/algorithms/separators/oneshortestpath.go:134.61,142.24 6 1
bachelor-project/algorithms/separators/oneshortestpath.go:142.24,147.45 3 1
bachelor-project/algorithms/separators/oneshortestpath.go:147.45,149.47 1 1
bachelor-project/algorithms/separators/oneshortestpath.go:149.47,154.5 3 1
bachelor-project/algorithms/separators/oneshortestpath.go:158.2,158.13 1 1
bachelor-project/algorithms/separators/oneshortestpath.go:162.49,165.41 2 1
bachelor-project/algorithms/separators/oneshortestpath.go:165.41,166.26 1 1
bachelor-project/algorithms/separators/oneshortestpath.go:166.26,168.4 1 1
bachelor-project/algorithms/separators/oneshortestpath.go:170.2,170.22 1 1
bachelor-project/algorithms/separators/rowcolumn.go:12.76,20.12 5 1
bachelor-project/algorithms/separators/rowcolumn.go:20.12,22.19 2 1
bachelor-project/algorithms/separators/rowcolumn.go:22.19,24.36 1 1
bachelor-project/algorithms/separators/rowcolumn.go:24.36,27.28 3 1
bachelor-project/algorithms/separators/rowcolumn.go:27.28,29.22 2 1
bachelor-project/algorithms/separators/rowcolumn.go:29.22,32.7 2 1
bachelor-project/algorithms/separators/rowcolumn.go:34.5,34.14 1 1
bachelor-project/algorithms/separators/rowcolumn.go:34.14,36.6 1 1
bachelor-project/algorithms/separators/rowcolumn.go:38.4,38.51 1 1
bachelor-project/algorithms/separators/rowcolumn.go:38.51,40.5 1 1
bachelor-project/algorithms/separators/rowcolumn.go:46.2,46.12 1 1
bachelor-project/algorithms/separators/rowcolumn.go:46.12,48.18 2 1
bachelor-project/algorithms/separators/rowcolumn.go:48.18,50.35 1 1
bachelor-project/algorithms/separators/rowcolumn.go:50.35,53.29 3 1
bachelor-project/algorithms/separators/rowcolumn.go:53.29,55.22 2 1
bachelor-project/algorithms/separators/rowcolumn.go:55.22,58.7 2 1
bachelor-project/algorithms/separators/rowcolumn.go:60.5,60.14 1 1
bachelor-project/algorithms/separators/rowcolumn.go:60.14,62.6 1 1
bachelor-project/algorithms/separators/rowcolumn.go:64.4,64.54 1 1
bachelor-project/algorithms/separators/rowcolumn.go:64.54,66.5 1 1
bachelor-project/algorithms/separators/rowcolumn.go:71.2,77.60 4 1
bachelor-project/algorithms/separators/rowcolumn.go:77.60,78.58 1 1
bachelor-project/algorithms/separators/rowcolumn.go:78.58,80.13 2 1
bachelor-project/algorithms/separators/rowcolumn.go:80.13,82.5 1 0
bachelor-project/algorithms/separators/rowcolumn.go:83.4,83.7 1 1
bachelor-project/algorithms/separators/rowcolumn.go:84.9,86.13 2 1
bachelor-project/algorithms/separators/rowcolumn.go:86.13,88.5 1 1
bachelor-project/algorithms/separators/rowcolumn.go:89.4,89.7 1 0
bachelor-project/algorithms/separators/rowcolumn.go:92.2,92.30 1 1
bachelor-project/algorithms/separators/rowcolumn.go:92.30,94.12 2 0
bachelor-project/algorithms/separators/rowcolumn.go:94.12,96.4 1 0
bachelor-project/algorithms/separators/rowcolumn.go:97.3,97.6 1 0
bachelor-project/algorithms/separators/rowcolumn.go:99.2,99.33 1 1
bachelor-project/algorithms/separators/rowcolumn.go:99.33,102.12 2 1
bachelor-project/algorithms/separators/rowcolumn.go:102.12,104.4 1 0
bachelor-project/algorithms/separators/rowcolumn.go:105.3,105.6 1 1
bachelor-project/algorithms/separators/rowcolumn.go:108.2,108.19 1 1
bachelor-project/algorithms/separators/twoshortestpath.go:11.82,19.35 5 1
bachelor-project/algorithms/separators/twoshortestpath.go:19.35,24.35 3 1
bachelor-project/algorithms/separators/twoshortestpath.go:24.35,25.11 1 1
bachelor-project/algorithms/separators/twoshortestpath.go:26.22,27.22 1 0
bachelor-project/algorithms/separators/twoshortestpath.go:28.12,28.12 0 1
bachelor-project/algorithms/separators/twoshortestpath.go:31.4,32.14 2 1
bachelor-project/algorithms/separators/twoshortestpath.go:32.14,34.25 2 1
bachelor-project/algorithms/separators/twoshortestpath.go:34.25,35.14 1 0
bachelor-project/algorithms/separators/twoshortestpath.go:37.5,38.42 2 1
bachelor-project/algorithms/separators/twoshortestpath.go:38.42,39.50 1 1
bachelor-project/algorithms/separators/twoshortestpath.go:39.50,40.25 1 1
bachelor-project/algorithms/separators/twoshortestpath.go:43.5,43.90 1 1
bachelor-project/algorithms/separators/twoshortestpath.go:43.90,45.6 1 1
bachelor-project/algorithms/separators/twoshortestpath.go:50.2,50.19 1 0
bachelor-project/algorithms/separators/twoshortestpath.go:54.79,57.33 2 1
bachelor-project/algorithms/separators/twoshortestpath.go:57.33,58.42 1 1
bachelor-project/algorithms/separators/twoshortestpath.go:58.42,60.4 1 1
bachelor-project/algorithms/separators/twoshortestpath.go:63.2,64.29 2 1
bachelor-project/algorithms/separators/twoshortestpath.go:64.29,65.53 1 1
bachelor-project/algorithms/separators/twoshortestpath.go:65.53,68.4 2 1
bachelor-project/algorithms/separators/twoshortestpath.go:68.9,70.4 1 1
bachelor-project/algorithms/separators/twoshortestpath.go:72.2,76.33 4 1
bachelor-project/algorithms/separators/twoshortestpath.go:76.33,78.3 1 1
bachelor-project/algorithms/separators/twoshortestpath.go:79.2,79.19 1 1
bachelor-project/algorithms/separators/twoshortestpath.go:82.74,86.34 2 1
bachelor-project/algorithms/separators/twoshortestpath.go:86.34,88.3 1 1
bachelor-project/algorithms/separators/twoshortestpath.go:90.2,90.34 1 1
bachelor-project/algorithms/separators/twoshortestpath.go:90.34,91.42 1 1
bachelor-project/algorithms/separators/twoshortestpath.go:91.42,92.45 1 1
bachelor-project/algorithms/separators/twoshortestpath.go:92.45,94.5 1 1
bachelor-project/algorithms/separators/twoshortestpath.go:98.2,98.27 1 1
bachelor-project/algorithms/separators/twoshortestpath.go:98.27,100.3 1 1
bachelor-project/algorithms/separators/twoshortestpath.go:102.2,102.15 1 1
bachelor-project/algorithms/separators/twoshortestpath.go:106.63,122.28 4 1
bachelor-project/algorithms/separators/twoshortestpath.go:122.28,126.32 4 1
bachelor-project/algorithms/separators/twoshortestpath.go:126.32,129.4 2 1
bachelor-project/algorithms/separators/twoshortestpath.go:132.2,132.19 1 1
bachelor-project/algorithms/separators/twoshortestpath.go:136.61,139.25 1 1
bachelor-project/algorithms/separators/twoshortestpath.go:139.25,141.3 1 0
bachelor-project/algorithms/separators/twoshortestpath.go:142.2,150.39 5 1
bachelor-project/algorithms/separators/twoshortestpath.go:150.39,153.27 3 1
bachelor-project/algorithms/separators/twoshortestpath.go:153.27,157.9 4 1
bachelor-project/algorithms/separators/twoshortestpath.go:164.2,164.37 1 1
bachelor-project/algorithms/separators/twoshortestpath.go:164.37,169.40 4 1
bachelor-project/algorithms/separators/twoshortestpath.go:169.40,172.28 3 1
bachelor-project/algorithms/separators/twoshortestpath.go:172.28,175.10 3 1
bachelor-project/algorithms/separators/twoshortestpath.go:181.2,184.39 4 1
bachelor-project/algorithms/separators/twoshortestpath.go:184.39,187.27 3 1
bachelor-project/algorithms/separators/twoshortestpath.go:187.27,191.9 4 1
bachelor-project/algorithms/separators/twoshortestpath.go:195.2,195.19 1 1
bachelor-project/algorithms/separators/twoshortestpath.go:199.43,224.26 8 1
bachelor-project/algorithms/separators/twoshortestpath.go:224.26,226.26 2 1
bachelor-project/algorithms/separators/twoshortestpath.go:226.26,227.26 1 1
bachelor-project/algorithms/separators/twoshortestpath.go:227.26,229.34 1 1
bachelor-project/algorithms/separators/twoshortestpath.go:229.34,232.30 3 1
bachelor-project/algorithms/separators/twoshortestpath.go:232.30,234.12 2 1
bachelor-project/algorithms/separators/twoshortestpath.go:238.5,238.28 1 1
bachelor-project/algorithms/separators/twoshortestpath.go:238.28,240.6 1 1
bachelor-project/algorithms/separators/twoshortestpath.go:242.10,244.5 1 0
bachelor-project/algorithms/separators/twoshortestpath.go:245.4,246.12 2 1
bachelor-project/algorithms/separators/twoshortestpath.go:248.3,249.9 2 1
bachelor-project/algorithms/separators/twoshortestpath.go:251.2,251.14 1 1
bachelor-project/algorithms/separators/unionfind.go:5.42,8.20 3 1
bachelor-project/algorithms/separators/unionfind.go:8.20,10.3 1 1
bachelor-project/algorithms/separators/unionfind.go:14.42,15.20 1 1
bachelor-project/algorithms/separators/unionfind.go:15.20,17.3 1 1
bachelor-project/algorithms/separators/unionfind.go:18.2,18.18 1 1
